<?xml version="1.0" encoding="UTF-8"?>
<testng-results ignored="0" total="2" passed="2" failed="0" skipped="0">
  <reporter-output>
  </reporter-output>
  <suite started-at="2020-06-27T15:28:29 IST" name="SeleniumPractice" finished-at="2020-06-27T15:29:10 IST" duration-ms="41610">
    <groups>
    </groups>
    <test started-at="2020-06-27T15:28:29 IST" name="First test" finished-at="2020-06-27T15:29:10 IST" duration-ms="41610">
      <class name="com.SeleniumPractice.testCases.TC2_AddNewCustomerTest">
        <test-method is-config="true" signature="setUp(java.lang.String)[pri:0, instance:com.SeleniumPractice.testCases.TC2_AddNewCustomerTest@5f683daf]" started-at="2020-06-27T15:28:43 IST" name="setUp" finished-at="2020-06-27T15:28:52 IST" duration-ms="9179" status="PASS">
          <params>
            <param index="0">
              <value>
                <![CDATA[chrome]]>
              </value>
            </param>
          </params>
          <reporter-output>
          </reporter-output>
        </test-method> <!-- setUp -->
        <test-method signature="addNewCustomer()[pri:0, instance:com.SeleniumPractice.testCases.TC2_AddNewCustomerTest@5f683daf]" started-at="2020-06-27T15:28:52 IST" name="addNewCustomer" finished-at="2020-06-27T15:29:09 IST" duration-ms="17063" status="PASS">
          <reporter-output>
          </reporter-output>
        </test-method> <!-- addNewCustomer -->
        <test-method is-config="true" signature="tearDown()[pri:0, instance:com.SeleniumPractice.testCases.TC2_AddNewCustomerTest@5f683daf]" started-at="2020-06-27T15:29:09 IST" name="tearDown" finished-at="2020-06-27T15:29:10 IST" duration-ms="706" status="PASS">
          <reporter-output>
          </reporter-output>
        </test-method> <!-- tearDown -->
      </class> <!-- com.SeleniumPractice.testCases.TC2_AddNewCustomerTest -->
      <class name="com.SeleniumPractice.testCases.TC1_LoginTest">
        <test-method is-config="true" signature="setUp(java.lang.String)[pri:0, instance:com.SeleniumPractice.testCases.TC1_LoginTest@4a668b6e]" started-at="2020-06-27T15:28:29 IST" name="setUp" finished-at="2020-06-27T15:28:37 IST" duration-ms="8070" status="PASS">
          <params>
            <param index="0">
              <value>
                <![CDATA[chrome]]>
              </value>
            </param>
          </params>
          <reporter-output>
          </reporter-output>
        </test-method> <!-- setUp -->
        <test-method signature="LoginTest()[pri:0, instance:com.SeleniumPractice.testCases.TC1_LoginTest@4a668b6e]" started-at="2020-06-27T15:28:37 IST" name="LoginTest" finished-at="2020-06-27T15:28:42 IST" duration-ms="5567" status="PASS">
          <reporter-output>
          </reporter-output>
        </test-method> <!-- LoginTest -->
        <test-method is-config="true" signature="tearDown()[pri:0, instance:com.SeleniumPractice.testCases.TC1_LoginTest@4a668b6e]" started-at="2020-06-27T15:28:43 IST" name="tearDown" finished-at="2020-06-27T15:28:43 IST" duration-ms="691" status="PASS">
          <reporter-output>
          </reporter-output>
        </test-method> <!-- tearDown -->
      </class> <!-- com.SeleniumPractice.testCases.TC1_LoginTest -->
    </test> <!-- First test -->
  </suite> <!-- SeleniumPractice -->
</testng-results>
