<?xml version="1.0" encoding="UTF-8"?>
<testng-results ignored="0" total="1" passed="1" failed="0" skipped="0">
  <reporter-output>
  </reporter-output>
  <suite started-at="2020-06-23T18:11:12 IST" name="SeleniumPractice" finished-at="2020-06-23T18:12:08 IST" duration-ms="55734">
    <groups>
    </groups>
    <test started-at="2020-06-23T18:11:12 IST" name="First test" finished-at="2020-06-23T18:12:08 IST" duration-ms="55734">
      <class name="com.SeleniumPractice.testCases.TC2_AddNewCustomerTest">
        <test-method is-config="true" signature="setUp(java.lang.String)[pri:0, instance:com.SeleniumPractice.testCases.TC2_AddNewCustomerTest@46fa7c39]" started-at="2020-06-23T18:11:12 IST" name="setUp" finished-at="2020-06-23T18:11:25 IST" duration-ms="12385" status="PASS">
          <params>
            <param index="0">
              <value>
                <![CDATA[chrome]]>
              </value>
            </param>
          </params>
          <reporter-output>
          </reporter-output>
        </test-method> <!-- setUp -->
        <test-method signature="addNewCustomer()[pri:0, instance:com.SeleniumPractice.testCases.TC2_AddNewCustomerTest@46fa7c39]" started-at="2020-06-23T18:11:25 IST" name="addNewCustomer" finished-at="2020-06-23T18:11:41 IST" duration-ms="16130" status="PASS">
          <reporter-output>
          </reporter-output>
        </test-method> <!-- addNewCustomer -->
        <test-method is-config="true" signature="tearDown()[pri:0, instance:com.SeleniumPractice.testCases.TC2_AddNewCustomerTest@46fa7c39]" started-at="2020-06-23T18:11:41 IST" name="tearDown" finished-at="2020-06-23T18:12:08 IST" duration-ms="26820" status="PASS">
          <reporter-output>
          </reporter-output>
        </test-method> <!-- tearDown -->
      </class> <!-- com.SeleniumPractice.testCases.TC2_AddNewCustomerTest -->
    </test> <!-- First test -->
  </suite> <!-- SeleniumPractice -->
</testng-results>
